<?xml version="1.0" encoding="UTF-8"?>
<!-- Generated by org.testng.reporters.JUnitXMLReporter -->
<testsuite ignored="1" hostname="DESKTOP-BJ80FP8" failures="0" tests="3" name="Surefire test" time="236.133" errors="0" timestamp="2023-08-07T00:38:46 IST">
  <testcase classname="vtiger.CreateCampaign.CreateCampaignWithProductTest" name="createCampaignWithProductTest" time="68.608"/>
  <testcase classname="vtiger.CreateContactTest.CreateContactTest" name="createContactTest" time="48.788"/>
  <testcase classname="vtiger.CreateContactTest.CreateContactWithOrganizationTest" name="createContactWithOrganizationTest" time="64.154"/>
  <testcase classname="vtiger_practice.TestNgPriority" name="modify" time="0.0">
    <ignored/>
  </testcase> <!-- modify -->
</testsuite> <!-- Surefire test -->
