<?xml version="1.0" encoding="UTF-8"?>
<!-- Generated by org.testng.reporters.JUnitXMLReporter -->
<testsuite ignored="0" hostname="DESKTOP-BJ80FP8" failures="1" tests="1" name="Test" time="106.616" errors="0" timestamp="2023-06-06T19:26:11 IST">
  <testcase classname="vtiger.CreateOrganizationTest.CreateOrganiationWithIndustryTest" name="createOrganiationWithIndustryTest" time="48.239">
    <failure type="java.lang.AssertionError" message="null">
      <![CDATA[java.lang.AssertionError: null
at vtiger.CreateOrganizationTest.CreateOrganiationWithIndustryTest.createOrganiationWithIndustryTest(CreateOrganiationWithIndustryTest.java:46)
at java.base/java.util.ArrayList.forEach(ArrayList.java:1511)
... Removed 29 stack frames]]>
    </failure>
  </testcase> <!-- createOrganiationWithIndustryTest -->
</testsuite> <!-- Test -->
